# JRE version: Java(TM) SE Runtime Environment (8.0_102-b14) (build 1.8.0_102-b14)
# Java VM: Java HotSpot(TM) 64-Bit Server VM (25.102-b14 mixed mode windows-amd64 compressed oops)
Heap:
 PSYoungGen      total 73216K, used 37803K [0x00000000d5580000, 0x00000000da600000, 0x0000000100000000)
  eden space 64000K, 49% used [0x00000000d5580000,0x00000000d7469388,0x00000000d9400000)
  from space 9216K, 66% used [0x00000000d9400000,0x00000000d9a01970,0x00000000d9d00000)
  to   space 6656K, 0% used [0x00000000d9f80000,0x00000000d9f80000,0x00000000da600000)
 ParOldGen       total 46080K, used 6369K [0x0000000080000000, 0x0000000082d00000, 0x00000000d5580000)
  object space 46080K, 13% used [0x0000000080000000,0x0000000080638768,0x0000000082d00000)
 Metaspace       used 27414K, capacity 28298K, committed 28592K, reserved 1075200K
  class space    used 3464K, capacity 3701K, committed 3760K, reserved 1048576K
GC Heap History (10 events):
Event: 9.465 GC heap before
{Heap before GC invocations=4 (full 0):
 PSYoungGen      total 38400K, used 38385K [0x00000000d5580000, 0x00000000d8000000, 0x0000000100000000)
  eden space 33280K, 100% used [0x00000000d5580000,0x00000000d7600000,0x00000000d7600000)
  from space 5120K, 99% used [0x00000000d7600000,0x00000000d7afc7e0,0x00000000d7b00000)
  to   space 5120K, 0% used [0x00000000d7b00000,0x00000000d7b00000,0x00000000d8000000)
 ParOldGen       total 87552K, used 3183K [0x0000000080000000, 0x0000000085580000, 0x00000000d5580000)
  object space 87552K, 3% used [0x0000000080000000,0x000000008031bd78,0x0000000085580000)
 Metaspace       used 19617K, capacity 20348K, committed 20480K, reserved 1067008K
  class space    used 2535K, capacity 2720K, committed 2816K, reserved 1048576K
Event: 9.479 GC heap after
Heap after GC invocations=4 (full 0):
 PSYoungGen      total 38400K, used 5095K [0x00000000d5580000, 0x00000000d8000000, 0x0000000100000000)
  eden space 33280K, 0% used [0x00000000d5580000,0x00000000d5580000,0x00000000d7600000)
  from space 5120K, 99% used [0x00000000d7b00000,0x00000000d7ff9e60,0x00000000d8000000)
  to   space 5120K, 0% used [0x00000000d7600000,0x00000000d7600000,0x00000000d7b00000)
 ParOldGen       total 87552K, used 6052K [0x0000000080000000, 0x0000000085580000, 0x00000000d5580000)
  object space 87552K, 6% used [0x0000000080000000,0x00000000805e91b0,0x0000000085580000)
 Metaspace       used 19617K, capacity 20348K, committed 20480K, reserved 1067008K
  class space    used 2535K, capacity 2720K, committed 2816K, reserved 1048576K
}
Event: 9.545 GC heap before
{Heap before GC invocations=5 (full 0):
 PSYoungGen      total 38400K, used 12550K [0x00000000d5580000, 0x00000000d8000000, 0x0000000100000000)
  eden space 33280K, 22% used [0x00000000d5580000,0x00000000d5cc7a18,0x00000000d7600000)
  from space 5120K, 99% used [0x00000000d7b00000,0x00000000d7ff9e60,0x00000000d8000000)
  to   space 5120K, 0% used [0x00000000d7600000,0x00000000d7600000,0x00000000d7b00000)
 ParOldGen       total 87552K, used 6052K [0x0000000080000000, 0x0000000085580000, 0x00000000d5580000)
  object space 87552K, 6% used [0x0000000080000000,0x00000000805e91b0,0x0000000085580000)
 Metaspace       used 20484K, capacity 21154K, committed 21296K, reserved 1067008K
  class space    used 2632K, capacity 2817K, committed 2864K, reserved 1048576K
Event: 9.559 GC heap after
Heap after GC invocations=5 (full 0):
 PSYoungGen      total 38400K, used 5095K [0x00000000d5580000, 0x00000000da880000, 0x0000000100000000)
  eden space 33280K, 0% used [0x00000000d5580000,0x00000000d5580000,0x00000000d7600000)
  from space 5120K, 99% used [0x00000000d7600000,0x00000000d7af9e80,0x00000000d7b00000)
  to   space 9216K, 0% used [0x00000000d9f80000,0x00000000d9f80000,0x00000000da880000)
 ParOldGen       total 87552K, used 6999K [0x0000000080000000, 0x0000000085580000, 0x00000000d5580000)
  object space 87552K, 7% used [0x0000000080000000,0x00000000806d5dc8,0x0000000085580000)
 Metaspace       used 20484K, capacity 21154K, committed 21296K, reserved 1067008K
  class space    used 2632K, capacity 2817K, committed 2864K, reserved 1048576K
}
Event: 9.559 GC heap before
{Heap before GC invocations=6 (full 1):
 PSYoungGen      total 38400K, used 5095K [0x00000000d5580000, 0x00000000da880000, 0x0000000100000000)
  eden space 33280K, 0% used [0x00000000d5580000,0x00000000d5580000,0x00000000d7600000)
  from space 5120K, 99% used [0x00000000d7600000,0x00000000d7af9e80,0x00000000d7b00000)
  to   space 9216K, 0% used [0x00000000d9f80000,0x00000000d9f80000,0x00000000da880000)
 ParOldGen       total 87552K, used 6999K [0x0000000080000000, 0x0000000085580000, 0x00000000d5580000)
  object space 87552K, 7% used [0x0000000080000000,0x00000000806d5dc8,0x0000000085580000)
 Metaspace       used 20484K, capacity 21154K, committed 21296K, reserved 1067008K
  class space    used 2632K, capacity 2817K, committed 2864K, reserved 1048576K
Event: 9.594 GC heap after
Heap after GC invocations=6 (full 1):
 PSYoungGen      total 38400K, used 0K [0x00000000d5580000, 0x00000000da880000, 0x0000000100000000)
  eden space 33280K, 0% used [0x00000000d5580000,0x00000000d5580000,0x00000000d7600000)
  from space 5120K, 0% used [0x00000000d7600000,0x00000000d7600000,0x00000000d7b00000)
  to   space 9216K, 0% used [0x00000000d9f80000,0x00000000d9f80000,0x00000000da880000)
 ParOldGen       total 46080K, used 6353K [0x0000000080000000, 0x0000000082d00000, 0x00000000d5580000)
  object space 46080K, 13% used [0x0000000080000000,0x0000000080634768,0x0000000082d00000)
 Metaspace       used 20482K, capacity 21148K, committed 21296K, reserved 1067008K
  class space    used 2632K, capacity 2816K, committed 2864K, reserved 1048576K
}
Event: 10.085 GC heap before
{Heap before GC invocations=7 (full 1):
 PSYoungGen      total 38400K, used 33280K [0x00000000d5580000, 0x00000000da880000, 0x0000000100000000)
  eden space 33280K, 100% used [0x00000000d5580000,0x00000000d7600000,0x00000000d7600000)
  from space 5120K, 0% used [0x00000000d7600000,0x00000000d7600000,0x00000000d7b00000)
  to   space 9216K, 0% used [0x00000000d9f80000,0x00000000d9f80000,0x00000000da880000)
 ParOldGen       total 46080K, used 6353K [0x0000000080000000, 0x0000000082d00000, 0x00000000d5580000)
  object space 46080K, 13% used [0x0000000080000000,0x0000000080634768,0x0000000082d00000)
 Metaspace       used 24269K, capacity 25070K, committed 25392K, reserved 1071104K
  class space    used 3076K, capacity 3299K, committed 3376K, reserved 1048576K
Event: 10.098 GC heap after
Heap after GC invocations=7 (full 1):
 PSYoungGen      total 70656K, used 3785K [0x00000000d5580000, 0x00000000da600000, 0x0000000100000000)
  eden space 64000K, 0% used [0x00000000d5580000,0x00000000d5580000,0x00000000d9400000)
  from space 6656K, 56% used [0x00000000d9f80000,0x00000000da332488,0x00000000da600000)
  to   space 9216K, 0% used [0x00000000d9400000,0x00000000d9400000,0x00000000d9d00000)
 ParOldGen       total 46080K, used 6361K [0x0000000080000000, 0x0000000082d00000, 0x00000000d5580000)
  object space 46080K, 13% used [0x0000000080000000,0x0000000080636768,0x0000000082d00000)
 Metaspace       used 24269K, capacity 25070K, committed 25392K, reserved 1071104K
  class space    used 3076K, capacity 3299K, committed 3376K, reserved 1048576K
}
Event: 11.166 GC heap before
{Heap before GC invocations=8 (full 1):
 PSYoungGen      total 70656K, used 67785K [0x00000000d5580000, 0x00000000da600000, 0x0000000100000000)
  eden space 64000K, 100% used [0x00000000d5580000,0x00000000d9400000,0x00000000d9400000)
  from space 6656K, 56% used [0x00000000d9f80000,0x00000000da332488,0x00000000da600000)
  to   space 9216K, 0% used [0x00000000d9400000,0x00000000d9400000,0x00000000d9d00000)
 ParOldGen       total 46080K, used 6361K [0x0000000080000000, 0x0000000082d00000, 0x00000000d5580000)
  object space 46080K, 13% used [0x0000000080000000,0x0000000080636768,0x0000000082d00000)
 Metaspace       used 26748K, capacity 27556K, committed 27696K, reserved 1073152K
  class space    used 3369K, capacity 3604K, committed 3632K, reserved 1048576K
Event: 11.417 GC heap after
Heap after GC invocations=8 (full 1):
 PSYoungGen      total 73216K, used 6150K [0x00000000d5580000, 0x00000000da600000, 0x0000000100000000)
  eden space 64000K, 0% used [0x00000000d5580000,0x00000000d5580000,0x00000000d9400000)
  from space 9216K, 66% used [0x00000000d9400000,0x00000000d9a01970,0x00000000d9d00000)
  to   space 6656K, 0% used [0x00000000d9f80000,0x00000000d9f80000,0x00000000da600000)
 ParOldGen       total 46080K, used 6369K [0x0000000080000000, 0x0000000082d00000, 0x00000000d5580000)
  object space 46080K, 13% used [0x0000000080000000,0x0000000080638768,0x0000000082d00000)
 Metaspace       used 26748K, capacity 27556K, committed 27696K, reserved 1073152K
  class space    used 3369K, capacity 3604K, committed 3632K, reserved 1048576K
}

